[debug] [2025-11-10T16:06:12.539Z] ----------------------------------------------------------------------
[debug] [2025-11-10T16:06:12.541Z] Command:       /nix/store/ixbb20farqh1f4fqbmsn6b1ixn8mc8ij-nodejs-20.18.1/bin/node /home/user/.global_modules/bin/firebase deploy
[debug] [2025-11-10T16:06:12.541Z] CLI Version:   14.24.1
[debug] [2025-11-10T16:06:12.541Z] Platform:      linux
[debug] [2025-11-10T16:06:12.541Z] Node Version:  v20.18.1
[debug] [2025-11-10T16:06:12.542Z] Time:          Mon Nov 10 2025 16:06:12 GMT+0000 (Coordinated Universal Time)
[debug] [2025-11-10T16:06:12.542Z] ----------------------------------------------------------------------
[debug] 
[debug] [2025-11-10T16:06:12.728Z] Checked if tokens are valid: true, expires at: 1762793717487
[debug] [2025-11-10T16:06:12.729Z] Checked if tokens are valid: true, expires at: 1762793717487
[debug] [2025-11-10T16:06:12.732Z] >>> [apiv2][query] GET https://monospace-pa.googleapis.com/v1/workspaces/pixelplaquefbasegit-90288676 [none]
[debug] [2025-11-10T16:06:13.931Z] <<< [apiv2][status] GET https://monospace-pa.googleapis.com/v1/workspaces/pixelplaquefbasegit-90288676 200
[debug] [2025-11-10T16:06:13.931Z] <<< [apiv2][body] GET https://monospace-pa.googleapis.com/v1/workspaces/pixelplaquefbasegit-90288676 {"workspaceId":"pixelplaquefbasegit-90288676","name":"pixelplaquefbase.git","workspaceRedirectUrl":"firebase-pixelplaquefbasegit-1762771266052.cluster-uf6urqn4lned4spwk4xorq6bpo.cloudworkstations.dev","status":"WORKSPACE_STATUS_RUNNING","lastAccessDatetime":"2025-11-10T15:39:39.803385Z","workspaceTemplate":"WORKSPACE_TEMPLATE_FLUTTER","owner":"SELF","serviceAccountEmail":"msp-2922763369733986106@monospace-per-ws-sa-2.iam.gserviceaccount.com","gitRepoUrl":"https://github.com/TheLiquidIvy/12345.git","enableNix":true,"ownerEmail":"theliquidivy@gmail.com","workstationAccessToken":"eyJhbGciOiJSUzI1NiIsInR5cCI6IkpXVCJ9.eyJpc3MiOiJodHRwczovL2Nsb3VkLmdvb2dsZS5jb20vd29ya3N0YXRpb25zIiwiYXVkIjoiZmlyZWJhc2UtcGl4ZWxwbGFxdWVmYmFzZWdpdC0xNzYyNzcxMjY2MDUyLmNsdXN0ZXItdWY2dXJxbjRsbmVkNHNwd2s0eG9ycTZicG8uY2xvdWR3b3Jrc3RhdGlvbnMuZGV2IiwiaWF0IjoxNzYyNzkwNzczLCJleHAiOjE3NjI4NzcxNzN9.L7r3bj2blJxBqDUB7seWG7PGo1MVk_F-ELbIhZZ011YvFYYYKSDWSW0Yz0tTqarZi1BVwisex27EY5T5pnCEAkaIego29NNMxAb-DzpXSTYdwbQPLsGuR89dts4QfuZBFvKETPHBakT82MWh2Hq6DohlaxVTPmlhuG2Qlk6F_o7lo4BPMk5XRt2W90lCq3gfvyTZsWg0P-dxrATKtc6a4UEHNx2mIK_89Bop6FeuJ4eJ6QGshjjOMqU3KIONaRlqYmDDYoI-HD_jdODik__sfK-xH28pcNLsIIL3HSX77x59Svy2C5JGD6sd1DFXaf7Hx2-z1WXWoNDtylRvwxvvkA","firebaseProjectId":"pixelpfirebase"}
[debug] [2025-11-10T16:06:13.932Z] > command requires scopes: ["email","openid","https://www.googleapis.com/auth/cloudplatformprojects.readonly","https://www.googleapis.com/auth/firebase","https://www.googleapis.com/auth/cloud-platform","https://www.googleapis.com/auth/userinfo.email"]
[debug] [2025-11-10T16:06:13.933Z] > authorizing via signed-in user (theliquidivy@gmail.com)
[debug] [2025-11-10T16:06:13.933Z] [iam] checking project pixelpfirebase for permissions ["firebase.projects.get","firebasehosting.sites.update"]
[debug] [2025-11-10T16:06:13.933Z] Checked if tokens are valid: true, expires at: 1762793717487
[debug] [2025-11-10T16:06:13.933Z] Checked if tokens are valid: true, expires at: 1762793717487
[debug] [2025-11-10T16:06:13.934Z] >>> [apiv2][query] POST https://cloudresourcemanager.googleapis.com/v1/projects/pixelpfirebase:testIamPermissions [none]
[debug] [2025-11-10T16:06:13.934Z] >>> [apiv2][(partial)header] POST https://cloudresourcemanager.googleapis.com/v1/projects/pixelpfirebase:testIamPermissions x-goog-quota-user=projects/pixelpfirebase
[debug] [2025-11-10T16:06:13.934Z] >>> [apiv2][body] POST https://cloudresourcemanager.googleapis.com/v1/projects/pixelpfirebase:testIamPermissions {"permissions":["firebase.projects.get","firebasehosting.sites.update"]}
[debug] [2025-11-10T16:06:14.804Z] <<< [apiv2][status] POST https://cloudresourcemanager.googleapis.com/v1/projects/pixelpfirebase:testIamPermissions 200
[debug] [2025-11-10T16:06:14.804Z] <<< [apiv2][body] POST https://cloudresourcemanager.googleapis.com/v1/projects/pixelpfirebase:testIamPermissions {"permissions":["firebase.projects.get","firebasehosting.sites.update"]}
[debug] [2025-11-10T16:06:14.805Z] Checked if tokens are valid: true, expires at: 1762793717487
[debug] [2025-11-10T16:06:14.805Z] Checked if tokens are valid: true, expires at: 1762793717487
[debug] [2025-11-10T16:06:14.805Z] >>> [apiv2][query] GET https://firebase.googleapis.com/v1beta1/projects/pixelpfirebase [none]
[debug] [2025-11-10T16:06:15.157Z] <<< [apiv2][status] GET https://firebase.googleapis.com/v1beta1/projects/pixelpfirebase 200
[debug] [2025-11-10T16:06:15.157Z] <<< [apiv2][body] GET https://firebase.googleapis.com/v1beta1/projects/pixelpfirebase {"projectId":"pixelpfirebase","projectNumber":"853848520433","displayName":"pixelpfirebase","name":"projects/pixelpfirebase","resources":{"hostingSite":"pixelpfirebase"},"state":"ACTIVE","etag":"1_7587d2e0-c11a-420c-b24a-58bf37dd19ed"}
[debug] [2025-11-10T16:06:17.138Z] Checked if tokens are valid: true, expires at: 1762793717487
[debug] [2025-11-10T16:06:17.138Z] Checked if tokens are valid: true, expires at: 1762793717487
[debug] [2025-11-10T16:06:17.138Z] >>> [apiv2][query] GET https://firebasehosting.googleapis.com/v1beta1/projects/pixelpfirebase/sites pageToken=&pageSize=10
[debug] [2025-11-10T16:06:18.383Z] <<< [apiv2][status] GET https://firebasehosting.googleapis.com/v1beta1/projects/pixelpfirebase/sites 200
[debug] [2025-11-10T16:06:18.383Z] <<< [apiv2][body] GET https://firebasehosting.googleapis.com/v1beta1/projects/pixelpfirebase/sites {"sites":[{"name":"projects/pixelpfirebase/sites/pixelpfirebase","defaultUrl":"https://pixelpfirebase.web.app","appId":"1:853848520433:web:997c77560b73e693f51b50","type":"DEFAULT_SITE"}]}
[debug] [2025-11-10T16:06:18.384Z] Checked if tokens are valid: true, expires at: 1762793717487
[debug] [2025-11-10T16:06:18.384Z] Checked if tokens are valid: true, expires at: 1762793717487
[debug] [2025-11-10T16:06:18.384Z] >>> [apiv2][query] GET https://firebase.googleapis.com/v1beta1/projects/-/webApps/1:853848520433:web:997c77560b73e693f51b50/config [none]
[debug] [2025-11-10T16:06:19.169Z] <<< [apiv2][status] GET https://firebase.googleapis.com/v1beta1/projects/-/webApps/1:853848520433:web:997c77560b73e693f51b50/config 200
[debug] [2025-11-10T16:06:19.169Z] <<< [apiv2][body] GET https://firebase.googleapis.com/v1beta1/projects/-/webApps/1:853848520433:web:997c77560b73e693f51b50/config {"projectId":"pixelpfirebase","appId":"1:853848520433:web:997c77560b73e693f51b50","storageBucket":"pixelpfirebase.firebasestorage.app","apiKey":"AIzaSyCzvIIyWgCEUAVa9JQxNtk3R_VyJ6bgt9o","authDomain":"pixelpfirebase.firebaseapp.com","messagingSenderId":"853848520433","measurementId":"G-W3J1GDZSC3","projectNumber":"853848520433","version":"2"}
